<?xml version="1.0" encoding="UTF-8"?>
<!-- Generated by org.testng.reporters.JUnitReportReporter -->
<testsuite hostname="CT00785" failures="0" tests="3" name="seleniumJava.seleniumJava.tests.Login" time="30.641" errors="0" timestamp="2024-02-15T12:21:38 IST" skipped="0">
  <testcase classname="seleniumJava.seleniumJava.tests.Login" name="verifyLoginWithValidCredentials" time="11.586"/>
  <testcase classname="seleniumJava.seleniumJava.tests.Login" name="verifyLoginWithInvalidCredentials" time="9.629"/>
  <testcase classname="seleniumJava.seleniumJava.tests.Login" name="verifyLoginWithoutCredentials" time="9.426"/>
</testsuite> <!-- seleniumJava.seleniumJava.tests.Login -->
