<?xml version="1.0" encoding="UTF-8"?>
<!-- Generated by org.testng.reporters.JUnitReportReporter -->
<testsuite hostname="CT00785" failures="0" tests="2" name="seleniumJava.seleniumJava.Login" time="12.421" errors="0" timestamp="2024-02-14T18:35:14 IST" skipped="0">
  <testcase classname="seleniumJava.seleniumJava.Login" name="verifyLoginWithValidCredentials" time="6.055"/>
  <testcase classname="seleniumJava.seleniumJava.Login" name="verifyLoginWithInvalidCredentials" time="6.366"/>
</testsuite> <!-- seleniumJava.seleniumJava.Login -->
