<?xml version="1.0" encoding="UTF-8"?>
<!-- Generated by org.testng.reporters.JUnitReportReporter -->
<testsuite hostname="CT00785" failures="0" tests="1" name="seleniumJava.qa.tests.Inventory" time="9.237" errors="0" timestamp="2024-02-21T14:00:25 IST" skipped="0">
  <testcase classname="seleniumJava.qa.tests.Inventory" name="verifyInventoryDetails" time="9.237"/>
</testsuite> <!-- seleniumJava.qa.tests.Inventory -->
