<?xml version="1.0" encoding="UTF-8"?>
<!-- Generated by org.testng.reporters.JUnitReportReporter -->
<testsuite hostname="CT00785" failures="0" tests="1" name="seleniumJava.qa.tests.ProductDetailsTest" time="13.400" errors="0" timestamp="2024-02-22T11:02:06 IST" skipped="0">
  <testcase classname="seleniumJava.qa.tests.ProductDetailsTest" name="verifyProductDetails" time="13.400"/>
</testsuite> <!-- seleniumJava.qa.tests.ProductDetailsTest -->
