<?xml version="1.0" encoding="UTF-8"?>
<!-- Generated by org.testng.reporters.JUnitReportReporter -->
<testsuite hostname="CT00785" failures="0" tests="1" name="seleniumJava.qa.tests.ShoppingCartTest" time="9.422" errors="0" timestamp="2024-02-22T11:02:06 IST" skipped="0">
  <testcase classname="seleniumJava.qa.tests.ShoppingCartTest" name="verifyCartDetails" time="9.422"/>
</testsuite> <!-- seleniumJava.qa.tests.ShoppingCartTest -->
